android/app/build/intermediates/manifest_merge_blame_file/release/manifest-merger-blame-release-report.txt
1<?xml version="1.0" encoding="utf-8"?>
2<manifest xmlns:android="http://schemas.android.com/apk/res/android"
3    package="com.reactnativeintegration"
4    android:versionCode="1"
5    android:versionName="1.0" >
6
7    <uses-sdk
8        android:minSdkVersion="21"
8-->src/main/AndroidManifest.xml
9        android:targetSdkVersion="30" />
9-->src/main/AndroidManifest.xml
10
11    <uses-permission android:name="android.permission.INTERNET" />
11-->src/main/AndroidManifest.xml:4:5-67
11-->src/main/AndroidManifest.xml:4:22-64
12    <uses-permission android:name="android.permission.ACCESS_NETWORK_STATE" />
12-->src/main/AndroidManifest.xml:5:5-78
12-->src/main/AndroidManifest.xml:5:22-76
13    <uses-permission android:name="android.permission.WAKE_LOCK" /> <!-- Required by older versions of Google Play services to create IID tokens -->
13-->[com.google.firebase:firebase-messaging:23.0.0] AndroidManifest.xml:23:5-68
13-->[com.google.firebase:firebase-messaging:23.0.0] AndroidManifest.xml:23:22-65
14    <uses-permission android:name="com.google.android.c2dm.permission.RECEIVE" />
14-->[com.google.firebase:firebase-messaging:23.0.0] AndroidManifest.xml:25:5-82
14-->[com.google.firebase:firebase-messaging:23.0.0] AndroidManifest.xml:25:22-79
15    <uses-permission android:name="com.google.android.finsky.permission.BIND_GET_INSTALL_REFERRER_SERVICE" /> <!-- Include required permissions for Advertising Id -->
15-->[com.android.installreferrer:installreferrer:2.2] AndroidManifest.xml:9:5-110
15-->[com.android.installreferrer:installreferrer:2.2] AndroidManifest.xml:9:22-107
16    <uses-permission android:name="com.google.android.gms.permission.AD_ID" />
16-->[com.google.android.gms:play-services-ads-identifier:18.0.0] AndroidManifest.xml:23:5-79
16-->[com.google.android.gms:play-services-ads-identifier:18.0.0] AndroidManifest.xml:23:22-76
17
18    <application
18-->src/main/AndroidManifest.xml:7:5-39:19
19        android:name="com.reactnativeintegration.MainApplication"
19-->src/main/AndroidManifest.xml:8:7-38
20        android:allowBackup="false"
20-->src/main/AndroidManifest.xml:12:7-34
21        android:appComponentFactory="androidx.core.app.CoreComponentFactory"
21-->[androidx.core:core:1.5.0] AndroidManifest.xml:24:18-86
22        android:icon="@mipmap/ic_launcher"
22-->src/main/AndroidManifest.xml:10:7-41
23        android:label="@string/app_name"
23-->src/main/AndroidManifest.xml:9:7-39
24        android:roundIcon="@mipmap/ic_launcher_round"
24-->src/main/AndroidManifest.xml:11:7-52
25        android:theme="@style/AppTheme" >
25-->src/main/AndroidManifest.xml:13:7-38
26        <activity
26-->src/main/AndroidManifest.xml:14:7-24:18
27            android:name="com.reactnativeintegration.MainActivity"
27-->src/main/AndroidManifest.xml:15:9-37
28            android:configChanges="keyboard|keyboardHidden|orientation|screenSize|uiMode"
28-->src/main/AndroidManifest.xml:17:9-86
29            android:label="@string/app_name"
29-->src/main/AndroidManifest.xml:16:9-41
30            android:launchMode="singleTask"
30-->src/main/AndroidManifest.xml:18:9-40
31            android:windowSoftInputMode="adjustResize" >
31-->src/main/AndroidManifest.xml:19:9-51
32            <intent-filter>
32-->src/main/AndroidManifest.xml:20:9-23:25
33                <action android:name="android.intent.action.MAIN" />
33-->src/main/AndroidManifest.xml:21:13-65
33-->src/main/AndroidManifest.xml:21:21-62
34
35                <category android:name="android.intent.category.LAUNCHER" />
35-->src/main/AndroidManifest.xml:22:13-73
35-->src/main/AndroidManifest.xml:22:23-70
36            </intent-filter>
37        </activity>
38
39        <meta-data
39-->src/main/AndroidManifest.xml:26:7-28:44
40            android:name="CLEVERTAP_ACCOUNT_ID"
40-->src/main/AndroidManifest.xml:27:9-44
41            android:value="TEST-79W-46Z-666Z" />
41-->src/main/AndroidManifest.xml:28:9-42
42        <meta-data
42-->src/main/AndroidManifest.xml:29:7-31:39
43            android:name="CLEVERTAP_TOKEN"
43-->src/main/AndroidManifest.xml:30:9-39
44            android:value="TEST-164-0ca" />
44-->src/main/AndroidManifest.xml:31:9-37
45
46        <service android:name="com.reactnativeintegration.MyFirebaseMessagingService" >
46-->src/main/AndroidManifest.xml:33:7-37:17
46-->src/main/AndroidManifest.xml:33:16-58
47            <intent-filter>
47-->src/main/AndroidManifest.xml:34:9-36:25
48                <action android:name="com.google.firebase.MESSAGING_EVENT" />
48-->src/main/AndroidManifest.xml:35:11-71
48-->src/main/AndroidManifest.xml:35:19-69
49            </intent-filter>
50        </service>
51        <service
51-->[com.google.firebase:firebase-analytics-ktx:20.1.0] AndroidManifest.xml:8:9-14:19
52            android:name="com.google.firebase.components.ComponentDiscoveryService"
52-->[com.google.firebase:firebase-analytics-ktx:20.1.0] AndroidManifest.xml:9:13-84
53            android:directBootAware="true"
53-->[com.google.firebase:firebase-common:20.0.0] AndroidManifest.xml:35:13-43
54            android:exported="false" >
54-->[com.google.firebase:firebase-analytics-ktx:20.1.0] AndroidManifest.xml:10:13-37
55            <meta-data
55-->[com.google.firebase:firebase-analytics-ktx:20.1.0] AndroidManifest.xml:11:13-13:85
56                android:name="com.google.firebase.components:com.google.firebase.analytics.ktx.FirebaseAnalyticsKtxRegistrar"
56-->[com.google.firebase:firebase-analytics-ktx:20.1.0] AndroidManifest.xml:12:17-126
57                android:value="com.google.firebase.components.ComponentRegistrar" />
57-->[com.google.firebase:firebase-analytics-ktx:20.1.0] AndroidManifest.xml:13:17-82
58            <meta-data
58-->[com.google.firebase:firebase-messaging:23.0.0] AndroidManifest.xml:52:13-54:85
59                android:name="com.google.firebase.components:com.google.firebase.messaging.FirebaseMessagingRegistrar"
59-->[com.google.firebase:firebase-messaging:23.0.0] AndroidManifest.xml:53:17-119
60                android:value="com.google.firebase.components.ComponentRegistrar" />
60-->[com.google.firebase:firebase-messaging:23.0.0] AndroidManifest.xml:54:17-82
61            <meta-data
61-->[com.google.firebase:firebase-datatransport:18.0.0] AndroidManifest.xml:28:13-30:85
62                android:name="com.google.firebase.components:com.google.firebase.datatransport.TransportRegistrar"
62-->[com.google.firebase:firebase-datatransport:18.0.0] AndroidManifest.xml:29:17-115
63                android:value="com.google.firebase.components.ComponentRegistrar" />
63-->[com.google.firebase:firebase-datatransport:18.0.0] AndroidManifest.xml:30:17-82
64            <meta-data
64-->[com.google.firebase:firebase-common-ktx:20.0.0] AndroidManifest.xml:15:13-17:85
65                android:name="com.google.firebase.components:com.google.firebase.ktx.FirebaseCommonKtxRegistrar"
65-->[com.google.firebase:firebase-common-ktx:20.0.0] AndroidManifest.xml:16:17-113
66                android:value="com.google.firebase.components.ComponentRegistrar" />
66-->[com.google.firebase:firebase-common-ktx:20.0.0] AndroidManifest.xml:17:17-82
67            <meta-data
67-->[com.google.android.gms:play-services-measurement-api:20.1.0] AndroidManifest.xml:30:13-32:85
68                android:name="com.google.firebase.components:com.google.firebase.analytics.connector.internal.AnalyticsConnectorRegistrar"
68-->[com.google.android.gms:play-services-measurement-api:20.1.0] AndroidManifest.xml:31:17-139
69                android:value="com.google.firebase.components.ComponentRegistrar" />
69-->[com.google.android.gms:play-services-measurement-api:20.1.0] AndroidManifest.xml:32:17-82
70            <meta-data
70-->[com.google.firebase:firebase-installations:17.0.0] AndroidManifest.xml:18:13-20:85
71                android:name="com.google.firebase.components:com.google.firebase.installations.FirebaseInstallationsRegistrar"
71-->[com.google.firebase:firebase-installations:17.0.0] AndroidManifest.xml:19:17-127
72                android:value="com.google.firebase.components.ComponentRegistrar" />
72-->[com.google.firebase:firebase-installations:17.0.0] AndroidManifest.xml:20:17-82
73        </service>
74
75        <receiver
75-->[com.clevertap.android:push-templates:1.0.4] AndroidManifest.xml:10:9-13:40
76            android:name="com.clevertap.android.pushtemplates.PTPushNotificationReceiver"
76-->[com.clevertap.android:push-templates:1.0.4] AndroidManifest.xml:11:13-90
77            android:enabled="true"
77-->[com.clevertap.android:push-templates:1.0.4] AndroidManifest.xml:12:13-35
78            android:exported="false" />
78-->[com.clevertap.android:push-templates:1.0.4] AndroidManifest.xml:13:13-37
79        <receiver
79-->[com.clevertap.android:push-templates:1.0.4] AndroidManifest.xml:14:9-17:40
80            android:name="com.clevertap.android.pushtemplates.PushTemplateReceiver"
80-->[com.clevertap.android:push-templates:1.0.4] AndroidManifest.xml:15:13-84
81            android:enabled="true"
81-->[com.clevertap.android:push-templates:1.0.4] AndroidManifest.xml:16:13-35
82            android:exported="false" />
82-->[com.clevertap.android:push-templates:1.0.4] AndroidManifest.xml:17:13-37
83
84        <activity
84-->[com.clevertap.android:clevertap-android-sdk:4.6.6] AndroidManifest.xml:10:9-13:75
85            android:name="com.clevertap.android.sdk.InAppNotificationActivity"
85-->[com.clevertap.android:clevertap-android-sdk:4.6.6] AndroidManifest.xml:11:13-79
86            android:configChanges="keyboardHidden"
86-->[com.clevertap.android:clevertap-android-sdk:4.6.6] AndroidManifest.xml:12:13-51
87            android:theme="@android:style/Theme.Translucent.NoTitleBar" />
87-->[com.clevertap.android:clevertap-android-sdk:4.6.6] AndroidManifest.xml:13:13-72
88        <activity
88-->[com.clevertap.android:clevertap-android-sdk:4.6.6] AndroidManifest.xml:14:9-17:77
89            android:name="com.clevertap.android.sdk.inbox.CTInboxActivity"
89-->[com.clevertap.android:clevertap-android-sdk:4.6.6] AndroidManifest.xml:15:13-75
90            android:configChanges="keyboardHidden"
90-->[com.clevertap.android:clevertap-android-sdk:4.6.6] AndroidManifest.xml:16:13-51
91            android:theme="@style/Theme.AppCompat.DayNight.DarkActionBar" />
91-->[com.clevertap.android:clevertap-android-sdk:4.6.6] AndroidManifest.xml:17:13-74
92
93        <receiver
93-->[com.clevertap.android:clevertap-android-sdk:4.6.6] AndroidManifest.xml:19:9-22:40
94            android:name="com.clevertap.android.sdk.pushnotification.CTPushNotificationReceiver"
94-->[com.clevertap.android:clevertap-android-sdk:4.6.6] AndroidManifest.xml:20:13-97
95            android:enabled="true"
95-->[com.clevertap.android:clevertap-android-sdk:4.6.6] AndroidManifest.xml:21:13-35
96            android:exported="false" />
96-->[com.clevertap.android:clevertap-android-sdk:4.6.6] AndroidManifest.xml:22:13-37
97
98        <service
98-->[com.clevertap.android:clevertap-android-sdk:4.6.6] AndroidManifest.xml:24:9-31:19
99            android:name="com.clevertap.android.sdk.pushnotification.amp.CTBackgroundIntentService"
99-->[com.clevertap.android:clevertap-android-sdk:4.6.6] AndroidManifest.xml:25:13-100
100            android:exported="false"
100-->[com.clevertap.android:clevertap-android-sdk:4.6.6] AndroidManifest.xml:26:13-37
101            android:permission="android.permission.BIND_JOB_SERVICE" >
101-->[com.clevertap.android:clevertap-android-sdk:4.6.6] AndroidManifest.xml:27:13-69
102            <intent-filter>
102-->[com.clevertap.android:clevertap-android-sdk:4.6.6] AndroidManifest.xml:28:13-30:29
103                <action android:name="com.clevertap.BG_EVENT" />
103-->[com.clevertap.android:clevertap-android-sdk:4.6.6] AndroidManifest.xml:29:17-65
103-->[com.clevertap.android:clevertap-android-sdk:4.6.6] AndroidManifest.xml:29:25-62
104            </intent-filter>
105        </service>
106        <service
106-->[com.clevertap.android:clevertap-android-sdk:4.6.6] AndroidManifest.xml:32:9-35:72
107            android:name="com.clevertap.android.sdk.pushnotification.amp.CTBackgroundJobService"
107-->[com.clevertap.android:clevertap-android-sdk:4.6.6] AndroidManifest.xml:33:13-97
108            android:exported="false"
108-->[com.clevertap.android:clevertap-android-sdk:4.6.6] AndroidManifest.xml:34:13-37
109            android:permission="android.permission.BIND_JOB_SERVICE" />
109-->[com.clevertap.android:clevertap-android-sdk:4.6.6] AndroidManifest.xml:35:13-69
110
111        <activity
111-->[com.google.android.gms:play-services-base:17.6.0] AndroidManifest.xml:23:9-26:75
112            android:name="com.google.android.gms.common.api.GoogleApiActivity"
112-->[com.google.android.gms:play-services-base:17.6.0] AndroidManifest.xml:24:13-79
113            android:exported="false"
113-->[com.google.android.gms:play-services-base:17.6.0] AndroidManifest.xml:25:13-37
114            android:theme="@android:style/Theme.Translucent.NoTitleBar" />
114-->[com.google.android.gms:play-services-base:17.6.0] AndroidManifest.xml:26:13-72
115
116        <receiver
116-->[com.google.firebase:firebase-messaging:23.0.0] AndroidManifest.xml:28:9-35:20
117            android:name="com.google.firebase.iid.FirebaseInstanceIdReceiver"
117-->[com.google.firebase:firebase-messaging:23.0.0] AndroidManifest.xml:29:13-78
118            android:exported="true"
118-->[com.google.firebase:firebase-messaging:23.0.0] AndroidManifest.xml:30:13-36
119            android:permission="com.google.android.c2dm.permission.SEND" >
119-->[com.google.firebase:firebase-messaging:23.0.0] AndroidManifest.xml:31:13-73
120            <intent-filter>
120-->[com.google.firebase:firebase-messaging:23.0.0] AndroidManifest.xml:32:13-34:29
121                <action android:name="com.google.android.c2dm.intent.RECEIVE" />
121-->[com.google.firebase:firebase-messaging:23.0.0] AndroidManifest.xml:33:17-81
121-->[com.google.firebase:firebase-messaging:23.0.0] AndroidManifest.xml:33:25-78
122            </intent-filter>
123        </receiver>
124        <!--
125             FirebaseMessagingService performs security checks at runtime,
126             but set to not exported to explicitly avoid allowing another app to call it.
127        -->
128        <service
128-->[com.google.firebase:firebase-messaging:23.0.0] AndroidManifest.xml:41:9-48:19
129            android:name="com.google.firebase.messaging.FirebaseMessagingService"
129-->[com.google.firebase:firebase-messaging:23.0.0] AndroidManifest.xml:42:13-82
130            android:directBootAware="true"
130-->[com.google.firebase:firebase-messaging:23.0.0] AndroidManifest.xml:43:13-43
131            android:exported="false" >
131-->[com.google.firebase:firebase-messaging:23.0.0] AndroidManifest.xml:44:13-37
132            <intent-filter android:priority="-500" >
132-->src/main/AndroidManifest.xml:34:9-36:25
133                <action android:name="com.google.firebase.MESSAGING_EVENT" />
133-->src/main/AndroidManifest.xml:35:11-71
133-->src/main/AndroidManifest.xml:35:19-69
134            </intent-filter>
135        </service>
136        <service
136-->[com.google.android.datatransport:transport-backend-cct:3.0.0] AndroidManifest.xml:29:9-35:19
137            android:name="com.google.android.datatransport.runtime.backends.TransportBackendDiscovery"
137-->[com.google.android.datatransport:transport-backend-cct:3.0.0] AndroidManifest.xml:30:13-103
138            android:exported="false" >
138-->[com.google.android.datatransport:transport-backend-cct:3.0.0] AndroidManifest.xml:31:13-37
139            <meta-data
139-->[com.google.android.datatransport:transport-backend-cct:3.0.0] AndroidManifest.xml:32:13-34:39
140                android:name="backend:com.google.android.datatransport.cct.CctBackendFactory"
140-->[com.google.android.datatransport:transport-backend-cct:3.0.0] AndroidManifest.xml:33:17-94
141                android:value="cct" />
141-->[com.google.android.datatransport:transport-backend-cct:3.0.0] AndroidManifest.xml:34:17-36
142        </service>
143
144        <provider
144-->[com.google.firebase:firebase-common:20.0.0] AndroidManifest.xml:26:9-31:39
145            android:name="com.google.firebase.provider.FirebaseInitProvider"
145-->[com.google.firebase:firebase-common:20.0.0] AndroidManifest.xml:27:13-77
146            android:authorities="com.reactnativeintegration.firebaseinitprovider"
146-->[com.google.firebase:firebase-common:20.0.0] AndroidManifest.xml:28:13-72
147            android:directBootAware="true"
147-->[com.google.firebase:firebase-common:20.0.0] AndroidManifest.xml:29:13-43
148            android:exported="false"
148-->[com.google.firebase:firebase-common:20.0.0] AndroidManifest.xml:30:13-37
149            android:initOrder="100" />
149-->[com.google.firebase:firebase-common:20.0.0] AndroidManifest.xml:31:13-36
150
151        <service
151-->[com.google.android.datatransport:transport-runtime:3.0.0] AndroidManifest.xml:26:9-30:19
152            android:name="com.google.android.datatransport.runtime.scheduling.jobscheduling.JobInfoSchedulerService"
152-->[com.google.android.datatransport:transport-runtime:3.0.0] AndroidManifest.xml:27:13-117
153            android:exported="false"
153-->[com.google.android.datatransport:transport-runtime:3.0.0] AndroidManifest.xml:28:13-37
154            android:permission="android.permission.BIND_JOB_SERVICE" >
154-->[com.google.android.datatransport:transport-runtime:3.0.0] AndroidManifest.xml:29:13-69
155        </service>
156
157        <receiver
157-->[com.google.android.datatransport:transport-runtime:3.0.0] AndroidManifest.xml:32:9-34:40
158            android:name="com.google.android.datatransport.runtime.scheduling.jobscheduling.AlarmManagerSchedulerBroadcastReceiver"
158-->[com.google.android.datatransport:transport-runtime:3.0.0] AndroidManifest.xml:33:13-132
159            android:exported="false" />
159-->[com.google.android.datatransport:transport-runtime:3.0.0] AndroidManifest.xml:34:13-37
160        <receiver
160-->[com.google.android.gms:play-services-measurement:20.1.0] AndroidManifest.xml:29:9-33:20
161            android:name="com.google.android.gms.measurement.AppMeasurementReceiver"
161-->[com.google.android.gms:play-services-measurement:20.1.0] AndroidManifest.xml:30:13-85
162            android:enabled="true"
162-->[com.google.android.gms:play-services-measurement:20.1.0] AndroidManifest.xml:31:13-35
163            android:exported="false" >
163-->[com.google.android.gms:play-services-measurement:20.1.0] AndroidManifest.xml:32:13-37
164        </receiver>
165
166        <service
166-->[com.google.android.gms:play-services-measurement:20.1.0] AndroidManifest.xml:35:9-38:40
167            android:name="com.google.android.gms.measurement.AppMeasurementService"
167-->[com.google.android.gms:play-services-measurement:20.1.0] AndroidManifest.xml:36:13-84
168            android:enabled="true"
168-->[com.google.android.gms:play-services-measurement:20.1.0] AndroidManifest.xml:37:13-35
169            android:exported="false" />
169-->[com.google.android.gms:play-services-measurement:20.1.0] AndroidManifest.xml:38:13-37
170        <service
170-->[com.google.android.gms:play-services-measurement:20.1.0] AndroidManifest.xml:39:9-43:72
171            android:name="com.google.android.gms.measurement.AppMeasurementJobService"
171-->[com.google.android.gms:play-services-measurement:20.1.0] AndroidManifest.xml:40:13-87
172            android:enabled="true"
172-->[com.google.android.gms:play-services-measurement:20.1.0] AndroidManifest.xml:41:13-35
173            android:exported="false"
173-->[com.google.android.gms:play-services-measurement:20.1.0] AndroidManifest.xml:42:13-37
174            android:permission="android.permission.BIND_JOB_SERVICE" />
174-->[com.google.android.gms:play-services-measurement:20.1.0] AndroidManifest.xml:43:13-69
175
176        <meta-data
176-->[com.google.android.gms:play-services-basement:18.0.0] AndroidManifest.xml:21:9-23:69
177            android:name="com.google.android.gms.version"
177-->[com.google.android.gms:play-services-basement:18.0.0] AndroidManifest.xml:22:13-58
178            android:value="@integer/google_play_services_version" />
178-->[com.google.android.gms:play-services-basement:18.0.0] AndroidManifest.xml:23:13-66
179    </application>
180
181</manifest>